Testsuite: biblio.AuteurControllerTests
Tests run: 8, Failures: 5, Errors: 0, Time elapsed: 1,294 sec
------------- Standard Output ---------------
--Output from testList--
--Output from testSave--
--Output from testDelete--
--Output from testUpdate--
--Output from testIndex--
--Output from testShow--
--Output from testEdit--
--Output from testCreate--
------------- ---------------- ---------------
------------- Standard Error -----------------
--Output from testList--
--Output from testSave--
--Output from testDelete--
--Output from testUpdate--
--Output from testIndex--
--Output from testShow--
--Output from testEdit--
--Output from testCreate--
------------- ---------------- ---------------

Testcase: testList took 0,494 sec
Testcase: testSave took 0,123 sec
	FAILED
Assertion failed: 

assert response.redirectedUrl == '/auteur/show/1'
       |        |             |
       |        null          false
       org.codehaus.groovy.grails.plugins.testing.GrailsMockHttpServletResponse@59d8994

junit.framework.AssertionFailedError: Assertion failed: 

assert response.redirectedUrl == '/auteur/show/1'
       |        |             |
       |        null          false
       org.codehaus.groovy.grails.plugins.testing.GrailsMockHttpServletResponse@59d8994

	at biblio.AuteurControllerTests.testSave(AuteurControllerTests.groovy:48)

Testcase: testDelete took 0,152 sec
	FAILED
Assertion failed: 

assert auteur.save() != null
       |      |      |
       |      null   false
       null null

junit.framework.AssertionFailedError: Assertion failed: 

assert auteur.save() != null
       |      |      |
       |      null   false
       null null

	at biblio.AuteurControllerTests.testDelete(AuteurControllerTests.groovy:144)

Testcase: testUpdate took 0,079 sec
	FAILED
Assertion failed: 

assert auteur.save() != null
       |      |      |
       |      null   false
       null null

junit.framework.AssertionFailedError: Assertion failed: 

assert auteur.save() != null
       |      |      |
       |      null   false
       null null

	at biblio.AuteurControllerTests.testUpdate(AuteurControllerTests.groovy:100)

Testcase: testIndex took 0,076 sec
Testcase: testShow took 0,066 sec
	FAILED
Assertion failed: 

assert auteur.save() != null
       |      |      |
       |      null   false
       null null

junit.framework.AssertionFailedError: Assertion failed: 

assert auteur.save() != null
       |      |      |
       |      null   false
       null null

	at biblio.AuteurControllerTests.testShow(AuteurControllerTests.groovy:62)

Testcase: testEdit took 0,073 sec
	FAILED
Assertion failed: 

assert auteur.save() != null
       |      |      |
       |      null   false
       null null

junit.framework.AssertionFailedError: Assertion failed: 

assert auteur.save() != null
       |      |      |
       |      null   false
       null null

	at biblio.AuteurControllerTests.testEdit(AuteurControllerTests.groovy:80)

Testcase: testCreate took 0,067 sec
