<?xml version="1.0" encoding="UTF-8" ?>
<testsuite errors="0" failures="5" hostname="Haithem" name="biblio.TypeDocumentControllerTests" tests="8" time="0.845" timestamp="2014-04-20T23:10:46">
  <properties />
  <testcase classname="biblio.TypeDocumentControllerTests" name="testCreate" time="0.332" />
  <testcase classname="biblio.TypeDocumentControllerTests" name="testList" time="0.059" />
  <testcase classname="biblio.TypeDocumentControllerTests" name="testIndex" time="0.094" />
  <testcase classname="biblio.TypeDocumentControllerTests" name="testSave" time="0.066">
    <failure message="Assertion failed: &#xa;&#xa;assert response.redirectedUrl == &apos;/typeDocument/show/1&apos;&#xa;       |        |             |&#xa;       |        null          false&#xa;       org.codehaus.groovy.grails.plugins.testing.GrailsMockHttpServletResponse@1627977&#xa;" type="junit.framework.AssertionFailedError">junit.framework.AssertionFailedError: Assertion failed: 

assert response.redirectedUrl == &apos;/typeDocument/show/1&apos;
       |        |             |
       |        null          false
       org.codehaus.groovy.grails.plugins.testing.GrailsMockHttpServletResponse@1627977

	at biblio.TypeDocumentControllerTests.testSave(TypeDocumentControllerTests.groovy:48)
</failure>
  </testcase>
  <testcase classname="biblio.TypeDocumentControllerTests" name="testShow" time="0.093">
    <failure message="Assertion failed: &#xa;&#xa;assert typeDocument.save() != null&#xa;       |            |      |&#xa;       |            null   false&#xa;       biblio.TypeDocument@1089a59 (toString() == null)&#xa;" type="junit.framework.AssertionFailedError">junit.framework.AssertionFailedError: Assertion failed: 

assert typeDocument.save() != null
       |            |      |
       |            null   false
       biblio.TypeDocument@1089a59 (toString() == null)

	at biblio.TypeDocumentControllerTests.testShow(TypeDocumentControllerTests.groovy:62)
</failure>
  </testcase>
  <testcase classname="biblio.TypeDocumentControllerTests" name="testEdit" time="0.06">
    <failure message="Assertion failed: &#xa;&#xa;assert typeDocument.save() != null&#xa;       |            |      |&#xa;       |            null   false&#xa;       biblio.TypeDocument@131498d (toString() == null)&#xa;" type="junit.framework.AssertionFailedError">junit.framework.AssertionFailedError: Assertion failed: 

assert typeDocument.save() != null
       |            |      |
       |            null   false
       biblio.TypeDocument@131498d (toString() == null)

	at biblio.TypeDocumentControllerTests.testEdit(TypeDocumentControllerTests.groovy:80)
</failure>
  </testcase>
  <testcase classname="biblio.TypeDocumentControllerTests" name="testUpdate" time="0.058">
    <failure message="Assertion failed: &#xa;&#xa;assert typeDocument.save() != null&#xa;       |            |      |&#xa;       |            null   false&#xa;       biblio.TypeDocument@9afa7a (toString() == null)&#xa;" type="junit.framework.AssertionFailedError">junit.framework.AssertionFailedError: Assertion failed: 

assert typeDocument.save() != null
       |            |      |
       |            null   false
       biblio.TypeDocument@9afa7a (toString() == null)

	at biblio.TypeDocumentControllerTests.testUpdate(TypeDocumentControllerTests.groovy:100)
</failure>
  </testcase>
  <testcase classname="biblio.TypeDocumentControllerTests" name="testDelete" time="0.061">
    <failure message="Assertion failed: &#xa;&#xa;assert typeDocument.save() != null&#xa;       |            |      |&#xa;       |            null   false&#xa;       biblio.TypeDocument@1151862 (toString() == null)&#xa;" type="junit.framework.AssertionFailedError">junit.framework.AssertionFailedError: Assertion failed: 

assert typeDocument.save() != null
       |            |      |
       |            null   false
       biblio.TypeDocument@1151862 (toString() == null)

	at biblio.TypeDocumentControllerTests.testDelete(TypeDocumentControllerTests.groovy:144)
</failure>
  </testcase>
  <system-out><![CDATA[--Output from testCreate--
--Output from testList--
--Output from testIndex--
--Output from testSave--
--Output from testShow--
--Output from testEdit--
--Output from testUpdate--
--Output from testDelete--
]]></system-out>
  <system-err><![CDATA[--Output from testCreate--
--Output from testList--
--Output from testIndex--
--Output from testSave--
--Output from testShow--
--Output from testEdit--
--Output from testUpdate--
--Output from testDelete--
]]></system-err>
</testsuite>
